SF:lib\main_systems\system_age\age.dart
DA:10,1
DA:15,0
DA:16,0
DA:17,0
DA:18,0
DA:21,0
DA:25,0
DA:26,0
DA:27,0
DA:28,0
DA:29,0
DA:30,0
DA:33,3
DA:34,5
DA:35,5
DA:36,5
DA:37,2
DA:38,3
DA:39,2
DA:40,3
DA:42,1
DA:55,1
DA:58,2
DA:59,1
DA:65,4
DA:67,0
DA:69,0
DA:75,4
DA:77,0
DA:79,0
DA:85,4
DA:87,4
DA:89,1
DA:95,4
DA:97,0
DA:99,0
DA:105,4
DA:107,4
DA:109,1
DA:118,0
DA:120,0
DA:127,0
DA:128,0
DA:132,1
DA:144,1
DA:148,0
DA:150,3
DA:153,1
DA:154,0
DA:155,0
DA:157,0
DA:164,1
DA:165,0
DA:166,0
DA:168,0
DA:175,1
DA:176,2
DA:177,1
DA:179,1
DA:186,1
DA:187,0
DA:188,0
DA:190,0
DA:197,1
DA:198,2
DA:199,1
DA:201,1
DA:208,0
DA:209,0
DA:211,0
DA:213,0
DA:222,1
DA:228,1
DA:229,1
DA:232,0
DA:234,0
DA:236,3
DA:240,1
DA:245,1
DA:248,0
DA:261,0
DA:263,0
DA:267,0
DA:268,0
DA:269,0
DA:271,0
DA:272,0
DA:274,0
DA:275,0
DA:277,0
DA:278,0
DA:280,0
DA:281,0
DA:283,0
DA:284,0
DA:285,0
DA:286,0
DA:290,0
LF:98
LH:42
end_of_record
SF:lib\main_systems\system_age\usecases\get_a_day_of_birth_from_a_list_of_possible_life_stages_usecase.dart
DA:10,1
DA:16,1
DA:26,1
DA:28,1
DA:30,1
DA:32,1
DA:35,3
DA:37,1
DA:39,2
LF:9
LH:9
end_of_record
SF:lib\main_systems\system_age\usecases\get_random_day_of_birth_in_a_life_stage_usecase.dart
DA:5,1
DA:14,1
DA:20,1
LF:3
LH:3
end_of_record
